# JRE version: OpenJDK Runtime Environment Temurin-21.0.10+7 (21.0.10+7) (build 21.0.10+7-LTS)
# Java VM: OpenJDK 64-Bit Server VM Temurin-21.0.10+7 (21.0.10+7-LTS, mixed mode, sharing, tiered, compressed oops, compressed class ptrs, parallel gc, windows-amd64)
GC Precious Log:
 CardTable entry size: 512
 CPUs: 16 total, 16 available
 Memory: 16223M
 Large Page Support: Disabled
 NUMA Support: Disabled
 Compressed Oops: Enabled (32-bit)
 Alignments: Space 512K, Generation 512K, Heap 2M
 Heap Min Capacity: 100M
 Heap Initial Capacity: 100M
 Heap Max Capacity: 2G
 Pre-touch: Disabled
 Parallel Workers: 13
Heap:
 PSYoungGen      total 6656K, used 1992K [0x00000000d5580000, 0x00000000d5d00000, 0x0000000100000000)
  eden space 5632K, 24% used [0x00000000d5580000,0x00000000d56da138,0x00000000d5b00000)
  from space 1024K, 59% used [0x00000000d5b00000,0x00000000d5b98000,0x00000000d5c00000)
  to   space 1024K, 0% used [0x00000000d5c00000,0x00000000d5c00000,0x00000000d5d00000)
 ParOldGen       total 335872K, used 335763K [0x0000000080000000, 0x0000000094800000, 0x00000000d5580000)
  object space 335872K, 99% used [0x0000000080000000,0x00000000947e4c80,0x0000000094800000)
 Metaspace       used 109755K, committed 111552K, reserved 1179648K
  class space    used 10978K, committed 11776K, reserved 1048576K
GC Heap History (20 events):
Event: 89082.941 GC heap before
{Heap before GC invocations=8792 (full 15):
 PSYoungGen      total 7168K, used 6756K [0x00000000d5580000, 0x00000000d5e00000, 0x0000000100000000)
  eden space 5632K, 100% used [0x00000000d5580000,0x00000000d5b00000,0x00000000d5b00000)
  from space 1536K, 73% used [0x00000000d5b00000,0x00000000d5c19210,0x00000000d5c80000)
  to   space 1536K, 0% used [0x00000000d5c80000,0x00000000d5c80000,0x00000000d5e00000)
 ParOldGen       total 329728K, used 329454K [0x0000000080000000, 0x0000000094200000, 0x00000000d5580000)
  object space 329728K, 99% used [0x0000000080000000,0x00000000941bbbd8,0x0000000094200000)
 Metaspace       used 109755K, committed 111552K, reserved 1179648K
  class space    used 10978K, committed 11776K, reserved 1048576K
}
Event: 89082.942 GC heap after
{Heap after GC invocations=8792 (full 15):
 PSYoungGen      total 6656K, used 768K [0x00000000d5580000, 0x00000000d5d80000, 0x0000000100000000)
  eden space 5632K, 0% used [0x00000000d5580000,0x00000000d5580000,0x00000000d5b00000)
  from space 1024K, 75% used [0x00000000d5c80000,0x00000000d5d40020,0x00000000d5d80000)
  to   space 1024K, 0% used [0x00000000d5b80000,0x00000000d5b80000,0x00000000d5c80000)
 ParOldGen       total 330752K, used 330435K [0x0000000080000000, 0x0000000094300000, 0x00000000d5580000)
  object space 330752K, 99% used [0x0000000080000000,0x00000000942b0c28,0x0000000094300000)
 Metaspace       used 109755K, committed 111552K, reserved 1179648K
  class space    used 10978K, committed 11776K, reserved 1048576K
}
Event: 89082.945 GC heap before
{Heap before GC invocations=8793 (full 15):
 PSYoungGen      total 6656K, used 6400K [0x00000000d5580000, 0x00000000d5d80000, 0x0000000100000000)
  eden space 5632K, 100% used [0x00000000d5580000,0x00000000d5b00000,0x00000000d5b00000)
  from space 1024K, 75% used [0x00000000d5c80000,0x00000000d5d40020,0x00000000d5d80000)
  to   space 1024K, 0% used [0x00000000d5b80000,0x00000000d5b80000,0x00000000d5c80000)
 ParOldGen       total 330752K, used 330435K [0x0000000080000000, 0x0000000094300000, 0x00000000d5580000)
  object space 330752K, 99% used [0x0000000080000000,0x00000000942b0c28,0x0000000094300000)
 Metaspace       used 109755K, committed 111552K, reserved 1179648K
  class space    used 10978K, committed 11776K, reserved 1048576K
}
Event: 89082.945 GC heap after
{Heap after GC invocations=8793 (full 15):
 PSYoungGen      total 6656K, used 704K [0x00000000d5580000, 0x00000000d5d00000, 0x0000000100000000)
  eden space 5632K, 0% used [0x00000000d5580000,0x00000000d5580000,0x00000000d5b00000)
  from space 1024K, 68% used [0x00000000d5b80000,0x00000000d5c30020,0x00000000d5c80000)
  to   space 512K, 0% used [0x00000000d5c80000,0x00000000d5c80000,0x00000000d5d00000)
 ParOldGen       total 331264K, used 330979K [0x0000000080000000, 0x0000000094380000, 0x00000000d5580000)
  object space 331264K, 99% used [0x0000000080000000,0x0000000094338c88,0x0000000094380000)
 Metaspace       used 109755K, committed 111552K, reserved 1179648K
  class space    used 10978K, committed 11776K, reserved 1048576K
}
Event: 89082.949 GC heap before
{Heap before GC invocations=8794 (full 15):
 PSYoungGen      total 6656K, used 6336K [0x00000000d5580000, 0x00000000d5d00000, 0x0000000100000000)
  eden space 5632K, 100% used [0x00000000d5580000,0x00000000d5b00000,0x00000000d5b00000)
  from space 1024K, 68% used [0x00000000d5b80000,0x00000000d5c30020,0x00000000d5c80000)
  to   space 512K, 0% used [0x00000000d5c80000,0x00000000d5c80000,0x00000000d5d00000)
 ParOldGen       total 331264K, used 330979K [0x0000000080000000, 0x0000000094380000, 0x00000000d5580000)
  object space 331264K, 99% used [0x0000000080000000,0x0000000094338c88,0x0000000094380000)
 Metaspace       used 109755K, committed 111552K, reserved 1179648K
  class space    used 10978K, committed 11776K, reserved 1048576K
}
Event: 89082.951 GC heap after
{Heap after GC invocations=8794 (full 15):
 PSYoungGen      total 6144K, used 512K [0x00000000d5580000, 0x00000000d5e00000, 0x0000000100000000)
  eden space 5632K, 0% used [0x00000000d5580000,0x00000000d5580000,0x00000000d5b00000)
  from space 512K, 100% used [0x00000000d5c80000,0x00000000d5d00000,0x00000000d5d00000)
  to   space 1536K, 0% used [0x00000000d5b00000,0x00000000d5b00000,0x00000000d5c80000)
 ParOldGen       total 331776K, used 331595K [0x0000000080000000, 0x0000000094400000, 0x00000000d5580000)
  object space 331776K, 99% used [0x0000000080000000,0x00000000943d2cc8,0x0000000094400000)
 Metaspace       used 109755K, committed 111552K, reserved 1179648K
  class space    used 10978K, committed 11776K, reserved 1048576K
}
Event: 89092.651 GC heap before
{Heap before GC invocations=8795 (full 15):
 PSYoungGen      total 6144K, used 6144K [0x00000000d5580000, 0x00000000d5e00000, 0x0000000100000000)
  eden space 5632K, 100% used [0x00000000d5580000,0x00000000d5b00000,0x00000000d5b00000)
  from space 512K, 100% used [0x00000000d5c80000,0x00000000d5d00000,0x00000000d5d00000)
  to   space 1536K, 0% used [0x00000000d5b00000,0x00000000d5b00000,0x00000000d5c80000)
 ParOldGen       total 331776K, used 331595K [0x0000000080000000, 0x0000000094400000, 0x00000000d5580000)
  object space 331776K, 99% used [0x0000000080000000,0x00000000943d2cc8,0x0000000094400000)
 Metaspace       used 109755K, committed 111552K, reserved 1179648K
  class space    used 10978K, committed 11776K, reserved 1048576K
}
Event: 89092.653 GC heap after
{Heap after GC invocations=8795 (full 15):
 PSYoungGen      total 6656K, used 884K [0x00000000d5580000, 0x00000000d5d00000, 0x0000000100000000)
  eden space 5632K, 0% used [0x00000000d5580000,0x00000000d5580000,0x00000000d5b00000)
  from space 1024K, 86% used [0x00000000d5b00000,0x00000000d5bdd200,0x00000000d5c00000)
  to   space 1024K, 0% used [0x00000000d5c00000,0x00000000d5c00000,0x00000000d5d00000)
 ParOldGen       total 332288K, used 332107K [0x0000000080000000, 0x0000000094480000, 0x00000000d5580000)
  object space 332288K, 99% used [0x0000000080000000,0x0000000094452cc8,0x0000000094480000)
 Metaspace       used 109755K, committed 111552K, reserved 1179648K
  class space    used 10978K, committed 11776K, reserved 1048576K
}
Event: 89092.658 GC heap before
{Heap before GC invocations=8796 (full 15):
 PSYoungGen      total 6656K, used 6516K [0x00000000d5580000, 0x00000000d5d00000, 0x0000000100000000)
  eden space 5632K, 100% used [0x00000000d5580000,0x00000000d5b00000,0x00000000d5b00000)
  from space 1024K, 86% used [0x00000000d5b00000,0x00000000d5bdd200,0x00000000d5c00000)
  to   space 1024K, 0% used [0x00000000d5c00000,0x00000000d5c00000,0x00000000d5d00000)
 ParOldGen       total 332288K, used 332107K [0x0000000080000000, 0x0000000094480000, 0x00000000d5580000)
  object space 332288K, 99% used [0x0000000080000000,0x0000000094452cc8,0x0000000094480000)
 Metaspace       used 109755K, committed 111552K, reserved 1179648K
  class space    used 10978K, committed 11776K, reserved 1048576K
}
Event: 89092.659 GC heap after
{Heap after GC invocations=8796 (full 15):
 PSYoungGen      total 6656K, used 928K [0x00000000d5580000, 0x00000000d5d00000, 0x0000000100000000)
  eden space 5632K, 0% used [0x00000000d5580000,0x00000000d5580000,0x00000000d5b00000)
  from space 1024K, 90% used [0x00000000d5c00000,0x00000000d5ce8000,0x00000000d5d00000)
  to   space 1024K, 0% used [0x00000000d5b00000,0x00000000d5b00000,0x00000000d5c00000)
 ParOldGen       total 332800K, used 332624K [0x0000000080000000, 0x0000000094500000, 0x00000000d5580000)
  object space 332800K, 99% used [0x0000000080000000,0x00000000944d40c0,0x0000000094500000)
 Metaspace       used 109755K, committed 111552K, reserved 1179648K
  class space    used 10978K, committed 11776K, reserved 1048576K
}
Event: 89092.662 GC heap before
{Heap before GC invocations=8797 (full 15):
 PSYoungGen      total 6656K, used 6560K [0x00000000d5580000, 0x00000000d5d00000, 0x0000000100000000)
  eden space 5632K, 100% used [0x00000000d5580000,0x00000000d5b00000,0x00000000d5b00000)
  from space 1024K, 90% used [0x00000000d5c00000,0x00000000d5ce8000,0x00000000d5d00000)
  to   space 1024K, 0% used [0x00000000d5b00000,0x00000000d5b00000,0x00000000d5c00000)
 ParOldGen       total 332800K, used 332624K [0x0000000080000000, 0x0000000094500000, 0x00000000d5580000)
  object space 332800K, 99% used [0x0000000080000000,0x00000000944d40c0,0x0000000094500000)
 Metaspace       used 109755K, committed 111552K, reserved 1179648K
  class space    used 10978K, committed 11776K, reserved 1048576K
}
Event: 89092.663 GC heap after
{Heap after GC invocations=8797 (full 15):
 PSYoungGen      total 6656K, used 544K [0x00000000d5580000, 0x00000000d5d00000, 0x0000000100000000)
  eden space 5632K, 0% used [0x00000000d5580000,0x00000000d5580000,0x00000000d5b00000)
  from space 1024K, 53% used [0x00000000d5b00000,0x00000000d5b88020,0x00000000d5c00000)
  to   space 1024K, 0% used [0x00000000d5c00000,0x00000000d5c00000,0x00000000d5d00000)
 ParOldGen       total 333824K, used 333425K [0x0000000080000000, 0x0000000094600000, 0x00000000d5580000)
  object space 333824K, 99% used [0x0000000080000000,0x000000009459c568,0x0000000094600000)
 Metaspace       used 109755K, committed 111552K, reserved 1179648K
  class space    used 10978K, committed 11776K, reserved 1048576K
}
Event: 89092.667 GC heap before
{Heap before GC invocations=8798 (full 15):
 PSYoungGen      total 6656K, used 6176K [0x00000000d5580000, 0x00000000d5d00000, 0x0000000100000000)
  eden space 5632K, 100% used [0x00000000d5580000,0x00000000d5b00000,0x00000000d5b00000)
  from space 1024K, 53% used [0x00000000d5b00000,0x00000000d5b88020,0x00000000d5c00000)
  to   space 1024K, 0% used [0x00000000d5c00000,0x00000000d5c00000,0x00000000d5d00000)
 ParOldGen       total 333824K, used 333425K [0x0000000080000000, 0x0000000094600000, 0x00000000d5580000)
  object space 333824K, 99% used [0x0000000080000000,0x000000009459c568,0x0000000094600000)
 Metaspace       used 109755K, committed 111552K, reserved 1179648K
  class space    used 10978K, committed 11776K, reserved 1048576K
}
Event: 89092.668 GC heap after
{Heap after GC invocations=8798 (full 15):
 PSYoungGen      total 6656K, used 672K [0x00000000d5580000, 0x00000000d5d00000, 0x0000000100000000)
  eden space 5632K, 0% used [0x00000000d5580000,0x00000000d5580000,0x00000000d5b00000)
  from space 1024K, 65% used [0x00000000d5c00000,0x00000000d5ca8000,0x00000000d5d00000)
  to   space 1024K, 0% used [0x00000000d5b00000,0x00000000d5b00000,0x00000000d5c00000)
 ParOldGen       total 334336K, used 333945K [0x0000000080000000, 0x0000000094680000, 0x00000000d5580000)
  object space 334336K, 99% used [0x0000000080000000,0x000000009461e5a8,0x0000000094680000)
 Metaspace       used 109755K, committed 111552K, reserved 1179648K
  class space    used 10978K, committed 11776K, reserved 1048576K
}
Event: 89092.673 GC heap before
{Heap before GC invocations=8799 (full 15):
 PSYoungGen      total 6656K, used 6304K [0x00000000d5580000, 0x00000000d5d00000, 0x0000000100000000)
  eden space 5632K, 100% used [0x00000000d5580000,0x00000000d5b00000,0x00000000d5b00000)
  from space 1024K, 65% used [0x00000000d5c00000,0x00000000d5ca8000,0x00000000d5d00000)
  to   space 1024K, 0% used [0x00000000d5b00000,0x00000000d5b00000,0x00000000d5c00000)
 ParOldGen       total 334336K, used 333945K [0x0000000080000000, 0x0000000094680000, 0x00000000d5580000)
  object space 334336K, 99% used [0x0000000080000000,0x000000009461e5a8,0x0000000094680000)
 Metaspace       used 109755K, committed 111552K, reserved 1179648K
  class space    used 10978K, committed 11776K, reserved 1048576K
}
Event: 89092.674 GC heap after
{Heap after GC invocations=8799 (full 15):
 PSYoungGen      total 6656K, used 1012K [0x00000000d5580000, 0x00000000d5e00000, 0x0000000100000000)
  eden space 5632K, 0% used [0x00000000d5580000,0x00000000d5580000,0x00000000d5b00000)
  from space 1024K, 98% used [0x00000000d5b00000,0x00000000d5bfd200,0x00000000d5c00000)
  to   space 1536K, 0% used [0x00000000d5c80000,0x00000000d5c80000,0x00000000d5e00000)
 ParOldGen       total 334336K, used 334273K [0x0000000080000000, 0x0000000094680000, 0x00000000d5580000)
  object space 334336K, 99% used [0x0000000080000000,0x00000000946705a8,0x0000000094680000)
 Metaspace       used 109755K, committed 111552K, reserved 1179648K
  class space    used 10978K, committed 11776K, reserved 1048576K
}
Event: 89092.678 GC heap before
{Heap before GC invocations=8800 (full 15):
 PSYoungGen      total 6656K, used 6644K [0x00000000d5580000, 0x00000000d5e00000, 0x0000000100000000)
  eden space 5632K, 100% used [0x00000000d5580000,0x00000000d5b00000,0x00000000d5b00000)
  from space 1024K, 98% used [0x00000000d5b00000,0x00000000d5bfd200,0x00000000d5c00000)
  to   space 1536K, 0% used [0x00000000d5c80000,0x00000000d5c80000,0x00000000d5e00000)
 ParOldGen       total 334336K, used 334273K [0x0000000080000000, 0x0000000094680000, 0x00000000d5580000)
  object space 334336K, 99% used [0x0000000080000000,0x00000000946705a8,0x0000000094680000)
 Metaspace       used 109755K, committed 111552K, reserved 1179648K
  class space    used 10978K, committed 11776K, reserved 1048576K
}
Event: 89092.679 GC heap after
{Heap after GC invocations=8800 (full 15):
 PSYoungGen      total 6656K, used 672K [0x00000000d5580000, 0x00000000d5d80000, 0x0000000100000000)
  eden space 5632K, 0% used [0x00000000d5580000,0x00000000d5580000,0x00000000d5b00000)
  from space 1024K, 65% used [0x00000000d5c80000,0x00000000d5d28020,0x00000000d5d80000)
  to   space 1024K, 0% used [0x00000000d5b00000,0x00000000d5b00000,0x00000000d5c00000)
 ParOldGen       total 335360K, used 335163K [0x0000000080000000, 0x0000000094780000, 0x00000000d5580000)
  object space 335360K, 99% used [0x0000000080000000,0x000000009474ec20,0x0000000094780000)
 Metaspace       used 109755K, committed 111552K, reserved 1179648K
  class space    used 10978K, committed 11776K, reserved 1048576K
}
Event: 89092.683 GC heap before
{Heap before GC invocations=8801 (full 15):
 PSYoungGen      total 6656K, used 6304K [0x00000000d5580000, 0x00000000d5d80000, 0x0000000100000000)
  eden space 5632K, 100% used [0x00000000d5580000,0x00000000d5b00000,0x00000000d5b00000)
  from space 1024K, 65% used [0x00000000d5c80000,0x00000000d5d28020,0x00000000d5d80000)
  to   space 1024K, 0% used [0x00000000d5b00000,0x00000000d5b00000,0x00000000d5c00000)
 ParOldGen       total 335360K, used 335163K [0x0000000080000000, 0x0000000094780000, 0x00000000d5580000)
  object space 335360K, 99% used [0x0000000080000000,0x000000009474ec20,0x0000000094780000)
 Metaspace       used 109755K, committed 111552K, reserved 1179648K
  class space    used 10978K, committed 11776K, reserved 1048576K
}
Event: 89092.684 GC heap after
{Heap after GC invocations=8801 (full 15):
 PSYoungGen      total 6656K, used 608K [0x00000000d5580000, 0x00000000d5d00000, 0x0000000100000000)
  eden space 5632K, 0% used [0x00000000d5580000,0x00000000d5580000,0x00000000d5b00000)
  from space 1024K, 59% used [0x00000000d5b00000,0x00000000d5b98000,0x00000000d5c00000)
  to   space 1024K, 0% used [0x00000000d5c00000,0x00000000d5c00000,0x00000000d5d00000)
 ParOldGen       total 335872K, used 335763K [0x0000000080000000, 0x0000000094800000, 0x00000000d5580000)
  object space 335872K, 99% used [0x0000000080000000,0x00000000947e4c80,0x0000000094800000)
 Metaspace       used 109755K, committed 111552K, reserved 1179648K
  class space    used 10978K, committed 11776K, reserved 1048576K
}

