# JRE version: OpenJDK Runtime Environment Microsoft-13106358 (17.0.18+8) (build 17.0.18+8-LTS)
# Java VM: OpenJDK 64-Bit Server VM Microsoft-13106358 (17.0.18+8-LTS, mixed mode, sharing, tiered, compressed oops, compressed class ptrs, g1 gc, windows-amd64)
GC Precious Log:
 CPUs: 16 total, 16 available
 Memory: 16223M
 Large Page Support: Disabled
 NUMA Support: Disabled
 Compressed Oops: Enabled (Zero based)
 Heap Region Size: 2M
 Heap Min Capacity: 8M
 Heap Initial Capacity: 254M
 Heap Max Capacity: 4056M
 Pre-touch: Disabled
 Parallel Workers: 13
 Concurrent Workers: 3
 Concurrent Refinement Workers: 13
 Periodic GC: Disabled
Heap:
 garbage-first heap   total 598016K, used 159709K [0x0000000702800000, 0x0000000800000000)
  region size 2048K, 38 young (77824K), 10 survivors (20480K)
 Metaspace       used 33119K, committed 33536K, reserved 1114112K
  class space    used 3567K, committed 3776K, reserved 1048576K
GC Heap History (20 events):
Event: 5.178 GC heap before
{Heap before GC invocations=21 (full 0):
 garbage-first heap   total 206848K, used 165065K [0x0000000702800000, 0x0000000800000000)
  region size 2048K, 50 young (102400K), 4 survivors (8192K)
 Metaspace       used 30099K, committed 30528K, reserved 1114112K
  class space    used 3308K, committed 3520K, reserved 1048576K
}
Event: 5.186 GC heap after
{Heap after GC invocations=22 (full 0):
 garbage-first heap   total 292864K, used 72662K [0x0000000702800000, 0x0000000800000000)
  region size 2048K, 4 young (8192K), 4 survivors (8192K)
 Metaspace       used 30099K, committed 30528K, reserved 1114112K
  class space    used 3308K, committed 3520K, reserved 1048576K
}
Event: 5.373 GC heap before
{Heap before GC invocations=22 (full 0):
 garbage-first heap   total 292864K, used 238550K [0x0000000702800000, 0x0000000800000000)
  region size 2048K, 85 young (174080K), 4 survivors (8192K)
 Metaspace       used 30157K, committed 30592K, reserved 1114112K
  class space    used 3310K, committed 3520K, reserved 1048576K
}
Event: 5.378 GC heap after
{Heap after GC invocations=23 (full 0):
 garbage-first heap   total 292864K, used 75856K [0x0000000702800000, 0x0000000800000000)
  region size 2048K, 6 young (12288K), 6 survivors (12288K)
 Metaspace       used 30157K, committed 30592K, reserved 1114112K
  class space    used 3310K, committed 3520K, reserved 1048576K
}
Event: 5.492 GC heap before
{Heap before GC invocations=23 (full 0):
 garbage-first heap   total 292864K, used 237648K [0x0000000702800000, 0x0000000800000000)
  region size 2048K, 85 young (174080K), 6 survivors (12288K)
 Metaspace       used 30176K, committed 30592K, reserved 1114112K
  class space    used 3310K, committed 3520K, reserved 1048576K
}
Event: 5.499 GC heap after
{Heap after GC invocations=24 (full 0):
 garbage-first heap   total 292864K, used 78806K [0x0000000702800000, 0x0000000800000000)
  region size 2048K, 7 young (14336K), 7 survivors (14336K)
 Metaspace       used 30176K, committed 30592K, reserved 1114112K
  class space    used 3310K, committed 3520K, reserved 1048576K
}
Event: 5.622 GC heap before
{Heap before GC invocations=24 (full 0):
 garbage-first heap   total 292864K, used 238550K [0x0000000702800000, 0x0000000800000000)
  region size 2048K, 85 young (174080K), 7 survivors (14336K)
 Metaspace       used 30193K, committed 30592K, reserved 1114112K
  class space    used 3310K, committed 3520K, reserved 1048576K
}
Event: 5.631 GC heap after
{Heap after GC invocations=25 (full 0):
 garbage-first heap   total 292864K, used 82902K [0x0000000702800000, 0x0000000800000000)
  region size 2048K, 8 young (16384K), 8 survivors (16384K)
 Metaspace       used 30193K, committed 30592K, reserved 1114112K
  class space    used 3310K, committed 3520K, reserved 1048576K
}
Event: 5.734 GC heap before
{Heap before GC invocations=25 (full 0):
 garbage-first heap   total 292864K, used 242646K [0x0000000702800000, 0x0000000800000000)
  region size 2048K, 85 young (174080K), 8 survivors (16384K)
 Metaspace       used 30214K, committed 30656K, reserved 1114112K
  class space    used 3310K, committed 3520K, reserved 1048576K
}
Event: 5.742 GC heap after
{Heap after GC invocations=26 (full 0):
 garbage-first heap   total 448512K, used 86867K [0x0000000702800000, 0x0000000800000000)
  region size 2048K, 8 young (16384K), 8 survivors (16384K)
 Metaspace       used 30214K, committed 30656K, reserved 1114112K
  class space    used 3310K, committed 3520K, reserved 1048576K
}
Event: 5.912 GC heap before
{Heap before GC invocations=26 (full 0):
 garbage-first heap   total 448512K, used 338771K [0x0000000702800000, 0x0000000800000000)
  region size 2048K, 131 young (268288K), 8 survivors (16384K)
 Metaspace       used 30237K, committed 30656K, reserved 1114112K
  class space    used 3310K, committed 3520K, reserved 1048576K
}
Event: 5.918 GC heap after
{Heap after GC invocations=27 (full 0):
 garbage-first heap   total 448512K, used 92124K [0x0000000702800000, 0x0000000800000000)
  region size 2048K, 10 young (20480K), 10 survivors (20480K)
 Metaspace       used 30237K, committed 30656K, reserved 1114112K
  class space    used 3310K, committed 3520K, reserved 1048576K
}
Event: 6.094 GC heap before
{Heap before GC invocations=27 (full 0):
 garbage-first heap   total 448512K, used 339932K [0x0000000702800000, 0x0000000800000000)
  region size 2048K, 131 young (268288K), 10 survivors (20480K)
 Metaspace       used 30241K, committed 30656K, reserved 1114112K
  class space    used 3310K, committed 3520K, reserved 1048576K
}
Event: 6.101 GC heap after
{Heap after GC invocations=28 (full 0):
 garbage-first heap   total 448512K, used 95407K [0x0000000702800000, 0x0000000800000000)
  region size 2048K, 11 young (22528K), 11 survivors (22528K)
 Metaspace       used 30241K, committed 30656K, reserved 1114112K
  class space    used 3310K, committed 3520K, reserved 1048576K
}
Event: 6.430 GC heap before
{Heap before GC invocations=28 (full 0):
 garbage-first heap   total 448512K, used 341167K [0x0000000702800000, 0x0000000800000000)
  region size 2048K, 131 young (268288K), 11 survivors (22528K)
 Metaspace       used 30318K, committed 30720K, reserved 1114112K
  class space    used 3315K, committed 3520K, reserved 1048576K
}
Event: 6.439 GC heap after
{Heap after GC invocations=29 (full 0):
 garbage-first heap   total 448512K, used 99660K [0x0000000702800000, 0x0000000800000000)
  region size 2048K, 11 young (22528K), 11 survivors (22528K)
 Metaspace       used 30318K, committed 30720K, reserved 1114112K
  class space    used 3315K, committed 3520K, reserved 1048576K
}
Event: 6.711 GC heap before
{Heap before GC invocations=29 (full 0):
 garbage-first heap   total 448512K, used 345420K [0x0000000702800000, 0x0000000800000000)
  region size 2048K, 131 young (268288K), 11 survivors (22528K)
 Metaspace       used 30369K, committed 30784K, reserved 1114112K
  class space    used 3315K, committed 3520K, reserved 1048576K
}
Event: 6.721 GC heap after
{Heap after GC invocations=30 (full 0):
 garbage-first heap   total 598016K, used 99705K [0x0000000702800000, 0x0000000800000000)
  region size 2048K, 9 young (18432K), 9 survivors (18432K)
 Metaspace       used 30369K, committed 30784K, reserved 1114112K
  class space    used 3315K, committed 3520K, reserved 1048576K
}
Event: 7.887 GC heap before
{Heap before GC invocations=30 (full 0):
 garbage-first heap   total 598016K, used 443769K [0x0000000702800000, 0x0000000800000000)
  region size 2048K, 175 young (358400K), 9 survivors (18432K)
 Metaspace       used 32862K, committed 33216K, reserved 1114112K
  class space    used 3555K, committed 3712K, reserved 1048576K
}
Event: 7.895 GC heap after
{Heap after GC invocations=31 (full 0):
 garbage-first heap   total 598016K, used 104413K [0x0000000702800000, 0x0000000800000000)
  region size 2048K, 10 young (20480K), 10 survivors (20480K)
 Metaspace       used 32862K, committed 33216K, reserved 1114112K
  class space    used 3555K, committed 3712K, reserved 1048576K
}

